[+] Containers:
 |- [+] Container: /Game/VehicleExampleMap
 |   |- [+] ActorDescs:
 |   |   |- Guid:015345114BAD1D06C49137BC7C41BB5D BaseClass:/Game/AI/AI.AI_C NativeClass:/Script/ChaosVehicles.WheeledVehiclePawn Name:AI_C_UAID_A4BB6D4F38B6556F01_1252523342 Label:AI9 SpatiallyLoaded:1 Bounds:IsValid=true, Min=(X=-19723.507 Y=416519.350 Z=72315.341), Max=(X=-19252.406 Y=416780.650 Z=72451.318) RuntimeGrid:None EditorOnly:0 RuntimeOnly:0 HLODRelevant:0
 |   |   |- Guid:0160D68D4BD841ED35F8AFBEA706A638 BaseClass:/Game/AI/AI.AI_C NativeClass:/Script/ChaosVehicles.WheeledVehiclePawn Name:AI_C_UAID_A4BB6D4F38B6556F01_1353281363 Label:AI30 SpatiallyLoaded:1 Bounds:IsValid=true, Min=(X=-128363.507 Y=449759.350 Z=72315.341), Max=(X=-127892.406 Y=450020.650 Z=72451.318) RuntimeGrid:None EditorOnly:0 RuntimeOnly:0 HLODRelevant:0
 |   |   |- Guid:0F6CBD3241FF5631D344DEA2A015DB04 BaseClass:/Game/AI/AI.AI_C NativeClass:/Script/ChaosVehicles.WheeledVehiclePawn Name:AI_C_UAID_A4BB6D4F38B6566F01_1272292558 Label:AI49 SpatiallyLoaded:1 Bounds:IsValid=true, Min=(X=-128363.507 Y=454289.350 Z=72315.341), Max=(X=-127892.406 Y=454550.650 Z=72451.318) RuntimeGrid:None EditorOnly:0 RuntimeOnly:0 HLODRelevant:0
 |   |   |- Guid:0FBA672E43A9A36F0DBE3F90A18C3E03 BaseClass:/Game/AI/AI.AI_C NativeClass:/Script/ChaosVehicles.WheeledVehiclePawn Name:AI_C_UAID_A4BB6D4F38B6546F01_1991534161 Label:AI4 SpatiallyLoaded:1 Bounds:IsValid=true, Min=(X=-120003.507 Y=571949.350 Z=72315.341), Max=(X=-119532.406 Y=572210.650 Z=72451.318) RuntimeGrid:None EditorOnly:0 RuntimeOnly:0 HLODRelevant:0
 |   |   |- Guid:1708E55E448F9E88DB4F04ABEFFE6AD8 BaseClass:/Game/AI/AI.AI_C NativeClass:/Script/ChaosVehicles.WheeledVehiclePawn Name:AI_C_UAID_A4BB6D4F38B6556F01_1260799353 Label:AI20 SpatiallyLoaded:1 Bounds:IsValid=true, Min=(X=-17793.507 Y=415429.350 Z=72315.341), Max=(X=-17322.406 Y=415690.650 Z=72451.318) RuntimeGrid:None EditorOnly:0 RuntimeOnly:0 HLODRelevant:0
 |   |   |- Guid:1DE36F4E4AC32E528F5DAFB6D70A6F96 BaseClass:/Game/AI/AI.AI_C NativeClass:/Script/ChaosVehicles.WheeledVehiclePawn Name:AI_C_UAID_B04F130B0757166F01_1274790247 Label:AI SpatiallyLoaded:1 Bounds:IsValid=true, Min=(X=1059.350 Y=587802.406 Z=72315.341), Max=(X=1320.650 Y=588273.507 Z=72451.318) RuntimeGrid:None EditorOnly:0 RuntimeOnly:0 HLODRelevant:0
 |   |   |- Guid:1F0DAF4C47340551B6994FA18D0DF3A2 BaseClass:/Game/AI/AI.AI_C NativeClass:/Script/ChaosVehicles.WheeledVehiclePawn Name:AI_C_UAID_A4BB6D4F38B6556F01_1260787350 Label:AI17 SpatiallyLoaded:1 Bounds:IsValid=true, Min=(X=-131003.507 Y=449759.350 Z=72315.341), Max=(X=-130532.406 Y=450020.650 Z=72451.318) RuntimeGrid:None EditorOnly:0 RuntimeOnly:0 HLODRelevant:0
 |   |   |- Guid:22801630478CDC1856A09D9C446FE739 BaseClass:/Game/AI/AI.AI_C NativeClass:/Script/ChaosVehicles.WheeledVehiclePawn Name:AI_C_UAID_A4BB6D4F38B6566F01_1272290557 Label:AI48 SpatiallyLoaded:1 Bounds:IsValid=true, Min=(X=-15963.507 Y=422289.350 Z=72315.341), Max=(X=-15492.406 Y=422550.650 Z=72451.318) RuntimeGrid:None EditorOnly:0 RuntimeOnly:0 HLODRelevant:0
 |   |   |- Guid:35B70FB44C4D9A04E29B4CBD716B881A BaseClass:/Game/AI/AI.AI_C NativeClass:/Script/ChaosVehicles.WheeledVehiclePawn Name:AI_C_UAID_A4BB6D4F38B6566F01_1272249546 Label:AI37 SpatiallyLoaded:1 Bounds:IsValid=true, Min=(X=-131003.507 Y=454289.350 Z=72315.341), Max=(X=-130532.406 Y=454550.650 Z=72451.318) RuntimeGrid:None EditorOnly:0 RuntimeOnly:0 HLODRelevant:0
 |   |   |- Guid:3750329F4FC9B665B3EC8198C600378A BaseClass:/Game/AI/AI.AI_C NativeClass:/Script/ChaosVehicles.WheeledVehiclePawn Name:AI_C_UAID_A4BB6D4F38B6556F01_1353270360 Label:AI27 SpatiallyLoaded:1 Bounds:IsValid=true, Min=(X=-15963.507 Y=415429.350 Z=72315.341), Max=(X=-15492.406 Y=415690.650 Z=72451.318) RuntimeGrid:None EditorOnly:0 RuntimeOnly:0 HLODRelevant:0
 |   |   |- Guid:3AEA29B84D377FECD3E710A7D09984C3 BaseClass:/Game/AI/AI.AI_C NativeClass:/Script/ChaosVehicles.WheeledVehiclePawn Name:AI_C_UAID_A4BB6D4F38B6546F01_1986674159 Label:AI2 SpatiallyLoaded:1 Bounds:IsValid=true, Min=(X=-40133.507 Y=416689.350 Z=72315.341), Max=(X=-39662.406 Y=416950.650 Z=72451.318) RuntimeGrid:None EditorOnly:0 RuntimeOnly:0 HLODRelevant:0
 |   |   |- Guid:3D08505949DFF84C588855AB17F0C016 BaseClass:/Game/AI/AI.AI_C NativeClass:/Script/ChaosVehicles.WheeledVehiclePawn Name:AI_C_UAID_A4BB6D4F38B6566F01_1272269551 Label:AI42 SpatiallyLoaded:1 Bounds:IsValid=true, Min=(X=-17083.507 Y=422289.350 Z=72315.341), Max=(X=-16612.406 Y=422550.650 Z=72451.318) RuntimeGrid:None EditorOnly:0 RuntimeOnly:0 HLODRelevant:0
 |   |   |- Guid:42D4AE7143EDCB8C882EA1A7C08118BA BaseClass: NativeClass:/Script/Engine.StaticMeshActor Name:StaticMeshActor_UAID_B04F130B0757116F01_1437909369 Label:Cube SpatiallyLoaded:1 Bounds:IsValid=true, Min=(X=-181712.500 Y=-327170.000 Z=72230.000), Max=(X=204712.500 Y=672830.000 Z=72330.000) RuntimeGrid:None EditorOnly:0 RuntimeOnly:0 HLODRelevant:1
 |   |   |- Guid:44DD097D4FDC65AE2A5E40B40C21A459 BaseClass:/Game/AI/AI.AI_C NativeClass:/Script/ChaosVehicles.WheeledVehiclePawn Name:AI_C_UAID_A4BB6D4F38B6556F01_1353274361 Label:AI28 SpatiallyLoaded:1 Bounds:IsValid=true, Min=(X=-15963.507 Y=416519.350 Z=72315.341), Max=(X=-15492.406 Y=416780.650 Z=72451.318) RuntimeGrid:None EditorOnly:0 RuntimeOnly:0 HLODRelevant:0
 |   |   |- Guid:4964AB72466E332BF41DC181FC78EAE2 BaseClass:/Game/AI/AI.AI_C NativeClass:/Script/ChaosVehicles.WheeledVehiclePawn Name:AI_C_UAID_A4BB6D4F38B6546F01_1989193160 Label:AI3 SpatiallyLoaded:1 Bounds:IsValid=true, Min=(X=-85873.507 Y=396819.350 Z=72315.341), Max=(X=-85402.406 Y=397080.650 Z=72451.318) RuntimeGrid:None EditorOnly:0 RuntimeOnly:0 HLODRelevant:0
 |   |   |- Guid:4A6AD97740B77CE29B71E0B34CA44CAF BaseClass:/Game/AI/AI.AI_C NativeClass:/Script/ChaosVehicles.WheeledVehiclePawn Name:AI_C_UAID_A4BB6D4F38B6556F01_1353288365 Label:AI32 SpatiallyLoaded:1 Bounds:IsValid=true, Min=(X=-15153.507 Y=414809.350 Z=72315.341), Max=(X=-14682.406 Y=415070.650 Z=72451.318) RuntimeGrid:None EditorOnly:0 RuntimeOnly:0 HLODRelevant:0
 |   |   |- Guid:4E8317444093B385139396944BA38B23 BaseClass:/Game/AI/AI.AI_C NativeClass:/Script/ChaosVehicles.WheeledVehiclePawn Name:AI_C_UAID_A4BB6D4F38B6556F01_1353295367 Label:AI34 SpatiallyLoaded:1 Bounds:IsValid=true, Min=(X=-15153.507 Y=416519.350 Z=72315.341), Max=(X=-14682.406 Y=416780.650 Z=72451.318) RuntimeGrid:None EditorOnly:0 RuntimeOnly:0 HLODRelevant:0
 |   |   |- Guid:592DDF744D3D3E37A20CA1B50788E70A BaseClass:/Game/AI/AI.AI_C NativeClass:/Script/ChaosVehicles.WheeledVehiclePawn Name:AI_C_UAID_A4BB6D4F38B6556F01_1260792351 Label:AI18 SpatiallyLoaded:1 Bounds:IsValid=true, Min=(X=-17793.507 Y=414259.350 Z=72315.341), Max=(X=-17322.406 Y=414520.650 Z=72451.318) RuntimeGrid:None EditorOnly:0 RuntimeOnly:0 HLODRelevant:0
 |   |   |- Guid:59673FBA49E0BADCEFFD63B7F1F80C8E BaseClass:/Game/AI/AI.AI_C NativeClass:/Script/ChaosVehicles.WheeledVehiclePawn Name:AI_C_UAID_A4BB6D4F38B6556F01_1260803354 Label:AI21 SpatiallyLoaded:1 Bounds:IsValid=true, Min=(X=-17793.507 Y=416519.350 Z=72315.341), Max=(X=-17322.406 Y=416780.650 Z=72451.318) RuntimeGrid:None EditorOnly:0 RuntimeOnly:0 HLODRelevant:0
 |   |   |- Guid:59C9AC844FF0C06CF63E06879E99EA54 BaseClass:/Game/AI/AI.AI_C NativeClass:/Script/ChaosVehicles.WheeledVehiclePawn Name:AI_C_UAID_A4BB6D4F38B6556F01_1258893345 Label:AI12 SpatiallyLoaded:1 Bounds:IsValid=true, Min=(X=-18603.507 Y=414259.350 Z=72315.341), Max=(X=-18132.406 Y=414520.650 Z=72451.318) RuntimeGrid:None EditorOnly:0 RuntimeOnly:0 HLODRelevant:0
 |   |   |- Guid:5A3854614192DA693D1C50817668541D BaseClass:/Game/AI/AI.AI_C NativeClass:/Script/ChaosVehicles.WheeledVehiclePawn Name:AI_C_UAID_A4BB6D4F38B6556F01_1353298368 Label:AI35 SpatiallyLoaded:1 Bounds:IsValid=true, Min=(X=-15153.507 Y=417759.350 Z=72315.341), Max=(X=-14682.406 Y=418020.650 Z=72451.318) RuntimeGrid:None EditorOnly:0 RuntimeOnly:0 HLODRelevant:0
 |   |   |- Guid:5F2811BC4DEDA7D2B296CA87440769EA BaseClass:/Game/AI/AI.AI_C NativeClass:/Script/ChaosVehicles.WheeledVehiclePawn Name:AI_C_UAID_A4BB6D4F38B6556F01_1258900347 Label:AI14 SpatiallyLoaded:1 Bounds:IsValid=true, Min=(X=-18603.507 Y=415429.350 Z=72315.341), Max=(X=-18132.406 Y=415690.650 Z=72451.318) RuntimeGrid:None EditorOnly:0 RuntimeOnly:0 HLODRelevant:0
 |   |   |- Guid:6107C9014E43C1FEB0F9B882164388D4 BaseClass:/Game/AI/AI.AI_C NativeClass:/Script/ChaosVehicles.WheeledVehiclePawn Name:AI_C_UAID_A4BB6D4F38B6556F01_1248375339 Label:AI6 SpatiallyLoaded:1 Bounds:IsValid=true, Min=(X=-19723.507 Y=414259.350 Z=72315.341), Max=(X=-19252.406 Y=414520.650 Z=72451.318) RuntimeGrid:None EditorOnly:0 RuntimeOnly:0 HLODRelevant:0
 |   |   |- Guid:617D84B24A218B340F2978B92DA48116 BaseClass:/Game/AI/AI.AI_C NativeClass:/Script/ChaosVehicles.WheeledVehiclePawn Name:AI_C_UAID_A4BB6D4F38B6556F01_1249830340 Label:AI7 SpatiallyLoaded:1 Bounds:IsValid=true, Min=(X=-19723.507 Y=414809.350 Z=72315.341), Max=(X=-19252.406 Y=415070.650 Z=72451.318) RuntimeGrid:None EditorOnly:0 RuntimeOnly:0 HLODRelevant:0
 |   |   |- Guid:62B351BB423B9EABD5AE849DD1DFC408 BaseClass: NativeClass:/Script/Engine.VolumetricCloud Name:VolumetricCloud_0 Label:VolumetricCloud SpatiallyLoaded:0 Bounds:IsValid=true, Min=(X=-12600.000 Y=-12600.000 Z=720.000), Max=(X=-12600.000 Y=-12600.000 Z=720.000) RuntimeGrid:None EditorOnly:0 RuntimeOnly:0 HLODRelevant:0 FolderPath:Lighting FolderGuid:602030AD4CB26C050EF7B98FCA62FBCA
 |   |   |- Guid:671F6B2140FDB96C3238BC98685536BD BaseClass:/Game/AI/AI.AI_C NativeClass:/Script/ChaosVehicles.WheeledVehiclePawn Name:AI_C_UAID_A4BB6D4F38B6566F01_1272282554 Label:AI45 SpatiallyLoaded:1 Bounds:IsValid=true, Min=(X=-15963.507 Y=419339.350 Z=72315.341), Max=(X=-15492.406 Y=419600.650 Z=72451.318) RuntimeGrid:None EditorOnly:0 RuntimeOnly:0 HLODRelevant:0
 |   |   |- Guid:69EF141544751E8A915DF8B21EC8D815 BaseClass:/Game/AI/AI.AI_C NativeClass:/Script/ChaosVehicles.WheeledVehiclePawn Name:AI_C_UAID_A4BB6D4F38B6566F01_1272301561 Label:AI52 SpatiallyLoaded:1 Bounds:IsValid=true, Min=(X=-15153.507 Y=419959.350 Z=72315.341), Max=(X=-14682.406 Y=420220.650 Z=72451.318) RuntimeGrid:None EditorOnly:0 RuntimeOnly:0 HLODRelevant:0
 |   |   |- Guid:6A1C7CE945AD720405A2B8A0CDC31EEA BaseClass: NativeClass:/Script/Engine.WorldDataLayers Name:WorldDataLayers Label:WorldDataLayers-1 SpatiallyLoaded:0 Bounds:IsValid=true, Min=(X=0.000 Y=0.000 Z=0.000), Max=(X=0.000 Y=0.000 Z=0.000) RuntimeGrid:None EditorOnly:0 RuntimeOnly:0 HLODRelevant:0
 |   |   |- Guid:6B337CAD4C563049716FB399D124EC3D BaseClass: NativeClass:/Script/Engine.SkyLight Name:SkyLight_1 Label:SkyLight SpatiallyLoaded:0 Bounds:IsValid=true, Min=(X=-12600.000 Y=-12600.000 Z=590.000), Max=(X=-12600.000 Y=-12600.000 Z=590.000) RuntimeGrid:None EditorOnly:0 RuntimeOnly:0 HLODRelevant:0 FolderPath:Lighting FolderGuid:602030AD4CB26C050EF7B98FCA62FBCA
 |   |   |- Guid:6DA7568245D7C69743CF0492B257A387 BaseClass:/Game/AI/AI.AI_C NativeClass:/Script/ChaosVehicles.WheeledVehiclePawn Name:AI_C_UAID_A4BB6D4F38B6566F01_1272243545 Label:AI36 SpatiallyLoaded:1 Bounds:IsValid=true, Min=(X=-17793.507 Y=422289.350 Z=72315.341), Max=(X=-17322.406 Y=422550.650 Z=72451.318) RuntimeGrid:None EditorOnly:0 RuntimeOnly:0 HLODRelevant:0
 |   |   |- Guid:6DAF99514822C86C089E688F45BE6489 BaseClass:/Game/AI/AI.AI_C NativeClass:/Script/ChaosVehicles.WheeledVehiclePawn Name:AI_C_UAID_A4BB6D4F38B6556F01_1258888344 Label:AI11 SpatiallyLoaded:1 Bounds:IsValid=true, Min=(X=-131813.507 Y=449759.350 Z=72315.341), Max=(X=-131342.406 Y=450020.650 Z=72451.318) RuntimeGrid:None EditorOnly:0 RuntimeOnly:0 HLODRelevant:0
 |   |   |- Guid:6DBEA7F9498C6F22FA9DDA8A67B7832B BaseClass:/Game/AI/AI.AI_C NativeClass:/Script/ChaosVehicles.WheeledVehiclePawn Name:AI_C_UAID_A4BB6D4F38B6566F01_1272304562 Label:AI53 SpatiallyLoaded:1 Bounds:IsValid=true, Min=(X=-15153.507 Y=421049.350 Z=72315.341), Max=(X=-14682.406 Y=421310.650 Z=72451.318) RuntimeGrid:None EditorOnly:0 RuntimeOnly:0 HLODRelevant:0
 |   |   |- Guid:6E5A11F2458C49B279E3BB9A501680EC BaseClass:/Game/AI/AI.AI_C NativeClass:/Script/ChaosVehicles.WheeledVehiclePawn Name:AI_C_UAID_A4BB6D4F38B6566F01_1272260549 Label:AI40 SpatiallyLoaded:1 Bounds:IsValid=true, Min=(X=-17793.507 Y=419959.350 Z=72315.341), Max=(X=-17322.406 Y=420220.650 Z=72451.318) RuntimeGrid:None EditorOnly:0 RuntimeOnly:0 HLODRelevant:0
 |   |   |- Guid:71F4679D4D5A84BC11C19E989ED4C801 BaseClass:/Game/AI/AI.AI_C NativeClass:/Script/ChaosVehicles.WheeledVehiclePawn Name:AI_C_UAID_A4BB6D4F38B6556F01_1353267359 Label:AI26 SpatiallyLoaded:1 Bounds:IsValid=true, Min=(X=-15963.507 Y=414809.350 Z=72315.341), Max=(X=-15492.406 Y=415070.650 Z=72451.318) RuntimeGrid:None EditorOnly:0 RuntimeOnly:0 HLODRelevant:0
 |   |   |- Guid:78E4A0134152DAAD2E96289FEB947285 BaseClass:/Game/AI/AI.AI_C NativeClass:/Script/ChaosVehicles.WheeledVehiclePawn Name:AI_C_UAID_A4BB6D4F38B6556F01_1258904348 Label:AI15 SpatiallyLoaded:1 Bounds:IsValid=true, Min=(X=-18603.507 Y=416519.350 Z=72315.341), Max=(X=-18132.406 Y=416780.650 Z=72451.318) RuntimeGrid:None EditorOnly:0 RuntimeOnly:0 HLODRelevant:0
 |   |   |- Guid:7ABC3EC647F256329609E2B9FCABAD24 BaseClass:/Game/AI/AI.AI_C NativeClass:/Script/ChaosVehicles.WheeledVehiclePawn Name:AI_C_UAID_A4BB6D4F38B6556F01_1353291366 Label:AI33 SpatiallyLoaded:1 Bounds:IsValid=true, Min=(X=-15153.507 Y=415429.350 Z=72315.341), Max=(X=-14682.406 Y=415690.650 Z=72451.318) RuntimeGrid:None EditorOnly:0 RuntimeOnly:0 HLODRelevant:0
 |   |   |- Guid:830C5AF14CEB372A1ED0B49351AF84B5 BaseClass:/Game/AI/AI.AI_C NativeClass:/Script/ChaosVehicles.WheeledVehiclePawn Name:AI_C_UAID_A4BB6D4F38B6566F01_1272298560 Label:AI51 SpatiallyLoaded:1 Bounds:IsValid=true, Min=(X=-15153.507 Y=419339.350 Z=72315.341), Max=(X=-14682.406 Y=419600.650 Z=72451.318) RuntimeGrid:None EditorOnly:0 RuntimeOnly:0 HLODRelevant:0
 |   |   |- Guid:867E810840479C922C6C6F8DDE8CDF61 BaseClass:/Game/AI/AI.AI_C NativeClass:/Script/ChaosVehicles.WheeledVehiclePawn Name:AI_C_UAID_A4BB6D4F38B6566F01_1272285555 Label:AI46 SpatiallyLoaded:1 Bounds:IsValid=true, Min=(X=-15963.507 Y=419959.350 Z=72315.341), Max=(X=-15492.406 Y=420220.650 Z=72451.318) RuntimeGrid:None EditorOnly:0 RuntimeOnly:0 HLODRelevant:0
 |   |   |- Guid:8DA6709046C66811D2B2AE96FC2B0708 BaseClass:/Game/AI/AI.AI_C NativeClass:/Script/ChaosVehicles.WheeledVehiclePawn Name:AI_C_UAID_A4BB6D4F38B6556F01_1353261357 Label:AI24 SpatiallyLoaded:1 Bounds:IsValid=true, Min=(X=-129173.507 Y=449759.350 Z=72315.341), Max=(X=-128702.406 Y=450020.650 Z=72451.318) RuntimeGrid:None EditorOnly:0 RuntimeOnly:0 HLODRelevant:0
 |   |   |- Guid:96E85FF540CCBC0C9B8CC2B4A1D53077 BaseClass:/Game/AI/AI.AI_C NativeClass:/Script/ChaosVehicles.WheeledVehiclePawn Name:AI_C_UAID_A4BB6D4F38B6566F01_1272252547 Label:AI38 SpatiallyLoaded:1 Bounds:IsValid=true, Min=(X=-17793.507 Y=418789.350 Z=72315.341), Max=(X=-17322.406 Y=419050.650 Z=72451.318) RuntimeGrid:None EditorOnly:0 RuntimeOnly:0 HLODRelevant:0
 |   |   |- Guid:9D0AFBE04CC38EAA15041D8D9000479C BaseClass:/Game/AI/AI.AI_C NativeClass:/Script/ChaosVehicles.WheeledVehiclePawn Name:AI_C_UAID_A4BB6D4F38B6566F01_1272287556 Label:AI47 SpatiallyLoaded:1 Bounds:IsValid=true, Min=(X=-15963.507 Y=421049.350 Z=72315.341), Max=(X=-15492.406 Y=421310.650 Z=72451.318) RuntimeGrid:None EditorOnly:0 RuntimeOnly:0 HLODRelevant:0
 |   |   |- Guid:9EC06CBA4B2D95457CCFD2BFEBDEEB23 BaseClass:/Game/AI/AI.AI_C NativeClass:/Script/ChaosVehicles.WheeledVehiclePawn Name:AI_C_UAID_A4BB6D4F38B6556F01_1260806355 Label:AI22 SpatiallyLoaded:1 Bounds:IsValid=true, Min=(X=-17793.507 Y=417759.350 Z=72315.341), Max=(X=-17322.406 Y=418020.650 Z=72451.318) RuntimeGrid:None EditorOnly:0 RuntimeOnly:0 HLODRelevant:0
 |   |   |- Guid:A5D6E6BB46BAC15E6D356990E1F7F480 BaseClass: NativeClass:/Script/Engine.DirectionalLight Name:DirectionalLight_0 Label:DirectionalLight SpatiallyLoaded:0 Bounds:IsValid=true, Min=(X=-4398046511104.000 Y=-4398046511104.000 Z=-4398046511104.000), Max=(X=4398046511104.000 Y=4398046511104.000 Z=4398046511104.000) RuntimeGrid:None EditorOnly:0 RuntimeOnly:0 HLODRelevant:0 FolderPath:Lighting FolderGuid:602030AD4CB26C050EF7B98FCA62FBCA
 |   |   |- Guid:A6ABCCAF4857AE8E40E6228F0FECD123 BaseClass: NativeClass:/Script/Landscape.Landscape Name:Landscape_0 Label:Landscape SpatiallyLoaded:0 Bounds:IsValid=true, Min=(X=-25200.000 Y=-25200.000 Z=0.000), Max=(X=-25200.000 Y=-25200.000 Z=0.000) RuntimeGrid:None EditorOnly:0 RuntimeOnly:0 HLODRelevant:0 FolderPath:Landscape FolderGuid:912F765E4714A1DB296369A3E4390900
 |   |   |- Guid:A963625E44318D1C1DEEEF8BF1A0664B BaseClass:/Game/AI/AI.AI_C NativeClass:/Script/ChaosVehicles.WheeledVehiclePawn Name:AI_C_UAID_A4BB6D4F38B6556F01_1353256356 Label:AI23 SpatiallyLoaded:1 Bounds:IsValid=true, Min=(X=-17083.507 Y=417759.350 Z=72315.341), Max=(X=-16612.406 Y=418020.650 Z=72451.318) RuntimeGrid:None EditorOnly:0 RuntimeOnly:0 HLODRelevant:0
 |   |   |- Guid:AB3D653A48C4F01FAA4F39A2698C3518 BaseClass: NativeClass:/Script/Engine.SkyAtmosphere Name:SkyAtmosphere_0 Label:SkyAtmosphere SpatiallyLoaded:0 Bounds:IsValid=true, Min=(X=-12600.000 Y=-12600.000 Z=920.000), Max=(X=-12600.000 Y=-12600.000 Z=920.000) RuntimeGrid:None EditorOnly:0 RuntimeOnly:0 HLODRelevant:0 FolderPath:Lighting FolderGuid:602030AD4CB26C050EF7B98FCA62FBCA
 |   |   |- Guid:B73EC75743010A9F9CE1FAA9F5407D00 BaseClass:/Game/AI/AI.AI_C NativeClass:/Script/ChaosVehicles.WheeledVehiclePawn Name:AI_C_UAID_A4BB6D4F38B6566F01_1272256548 Label:AI39 SpatiallyLoaded:1 Bounds:IsValid=true, Min=(X=-17793.507 Y=419339.350 Z=72315.341), Max=(X=-17322.406 Y=419600.650 Z=72451.318) RuntimeGrid:None EditorOnly:0 RuntimeOnly:0 HLODRelevant:0
 |   |   |- Guid:BBCE40BD49C5571E17AFF9B4D137C49C BaseClass:/Game/AI/AI.AI_C NativeClass:/Script/ChaosVehicles.WheeledVehiclePawn Name:AI_C_UAID_A4BB6D4F38B6556F01_1254970343 Label:AI10 SpatiallyLoaded:1 Bounds:IsValid=true, Min=(X=-19723.507 Y=417759.350 Z=72315.341), Max=(X=-19252.406 Y=418020.650 Z=72451.318) RuntimeGrid:None EditorOnly:0 RuntimeOnly:0 HLODRelevant:0
 |   |   |- Guid:BC66980B4C0632631C27D8A1AFDBE09C BaseClass:/Game/AI/AI.AI_C NativeClass:/Script/ChaosVehicles.WheeledVehiclePawn Name:AI_C_UAID_A4BB6D4F38B6556F01_1250962341 Label:AI8 SpatiallyLoaded:1 Bounds:IsValid=true, Min=(X=-19723.507 Y=415429.350 Z=72315.341), Max=(X=-19252.406 Y=415690.650 Z=72451.318) RuntimeGrid:None EditorOnly:0 RuntimeOnly:0 HLODRelevant:0
 |   |   |- Guid:C500B83C4D33199CBAF65FB268E8C17D BaseClass: NativeClass:/Script/Engine.PlayerStart Name:PlayerStart_UAID_B04F130B0757116F01_1490146370 Label:PlayerStart SpatiallyLoaded:0 Bounds:IsValid=true, Min=(X=2950.000 Y=588210.000 Z=72400.000), Max=(X=3030.000 Y=588290.000 Z=72584.000) RuntimeGrid:None EditorOnly:0 RuntimeOnly:0 HLODRelevant:0
 |   |   |- Guid:C816304446DA827A9468C7A756360F21 BaseClass:/Game/AI/AI.AI_C NativeClass:/Script/ChaosVehicles.WheeledVehiclePawn Name:AI_C_UAID_A4BB6D4F38B6556F01_1353283364 Label:AI31 SpatiallyLoaded:1 Bounds:IsValid=true, Min=(X=-15153.507 Y=414259.350 Z=72315.341), Max=(X=-14682.406 Y=414520.650 Z=72451.318) RuntimeGrid:None EditorOnly:0 RuntimeOnly:0 HLODRelevant:0
 |   |   |- Guid:C9DCDEA9455AA82588A945936BD5079B BaseClass:/Game/AI/AI.AI_C NativeClass:/Script/ChaosVehicles.WheeledVehiclePawn Name:AI_C_UAID_A4BB6D4F38B6566F01_1272278553 Label:AI44 SpatiallyLoaded:1 Bounds:IsValid=true, Min=(X=-15963.507 Y=418789.350 Z=72315.341), Max=(X=-15492.406 Y=419050.650 Z=72451.318) RuntimeGrid:None EditorOnly:0 RuntimeOnly:0 HLODRelevant:0
 |   |   |- Guid:CA3C0F6345B2DA9E299ED5BEE611655B BaseClass: NativeClass:/Script/Engine.ExponentialHeightFog Name:ExponentialHeightFog_0 Label:ExponentialHeightFog SpatiallyLoaded:0 Bounds:IsValid=true, Min=(X=-18200.000 Y=-12650.000 Z=-6950.000), Max=(X=-18200.000 Y=-12650.000 Z=-6950.000) RuntimeGrid:None EditorOnly:0 RuntimeOnly:0 HLODRelevant:0 FolderPath:Lighting FolderGuid:602030AD4CB26C050EF7B98FCA62FBCA
 |   |   |- Guid:CB6173E145DC0CF3A33B8A82A0FA1115 BaseClass:/Game/AI/AI.AI_C NativeClass:/Script/ChaosVehicles.WheeledVehiclePawn Name:AI_C_UAID_A4BB6D4F38B6546F01_1993979162 Label:AI5 SpatiallyLoaded:1 Bounds:IsValid=true, Min=(X=-132933.507 Y=449759.350 Z=72315.341), Max=(X=-132462.406 Y=450020.650 Z=72451.318) RuntimeGrid:None EditorOnly:0 RuntimeOnly:0 HLODRelevant:0
 |   |   |- Guid:CC995DED4B1BB5552A4EBA83308BE359 BaseClass:/Game/AI/AI.AI_C NativeClass:/Script/ChaosVehicles.WheeledVehiclePawn Name:AI_C_UAID_A4BB6D4F38B6556F01_1353264358 Label:AI25 SpatiallyLoaded:1 Bounds:IsValid=true, Min=(X=-15963.507 Y=414259.350 Z=72315.341), Max=(X=-15492.406 Y=414520.650 Z=72451.318) RuntimeGrid:None EditorOnly:0 RuntimeOnly:0 HLODRelevant:0
 |   |   |- Guid:D09CA41147BECD4FBA14BBAA45354F6E BaseClass:/Game/AI/AI.AI_C NativeClass:/Script/ChaosVehicles.WheeledVehiclePawn Name:AI_C_UAID_A4BB6D4F38B6556F01_1258909349 Label:AI16 SpatiallyLoaded:1 Bounds:IsValid=true, Min=(X=-18603.507 Y=417759.350 Z=72315.341), Max=(X=-18132.406 Y=418020.650 Z=72451.318) RuntimeGrid:None EditorOnly:0 RuntimeOnly:0 HLODRelevant:0
 |   |   |- Guid:D37E12A4429CFD9FA2D9F08D64D1EDFF BaseClass:/Game/AI/AI.AI_C NativeClass:/Script/ChaosVehicles.WheeledVehiclePawn Name:AI_C_UAID_A4BB6D4F38B6556F01_1260796352 Label:AI19 SpatiallyLoaded:1 Bounds:IsValid=true, Min=(X=-17793.507 Y=414809.350 Z=72315.341), Max=(X=-17322.406 Y=415070.650 Z=72451.318) RuntimeGrid:None EditorOnly:0 RuntimeOnly:0 HLODRelevant:0
 |   |   |- Guid:D3FE6ACD425969ABA083F5948267A3F2 BaseClass:/Game/AI/AI.AI_C NativeClass:/Script/ChaosVehicles.WheeledVehiclePawn Name:AI_C_UAID_A4BB6D4F38B6566F01_1272295559 Label:AI50 SpatiallyLoaded:1 Bounds:IsValid=true, Min=(X=-15153.507 Y=418789.350 Z=72315.341), Max=(X=-14682.406 Y=419050.650 Z=72451.318) RuntimeGrid:None EditorOnly:0 RuntimeOnly:0 HLODRelevant:0
 |   |   |- Guid:D5CE1A3946843967B0D1A493A9ED5CF6 BaseClass: NativeClass:/Script/Engine.PostProcessVolume Name:PostProcessVolume_0 Label:PostProcessVolume SpatiallyLoaded:0 Bounds:IsValid=true, Min=(X=-12600.000 Y=-12600.000 Z=300.000), Max=(X=-12400.000 Y=-12400.000 Z=500.000) RuntimeGrid:None EditorOnly:0 RuntimeOnly:0 HLODRelevant:0 FolderPath:Lighting FolderGuid:602030AD4CB26C050EF7B98FCA62FBCA
 |   |   |- Guid:DCC607CA45472DF5E483229A2C2B3B04 BaseClass:/Game/AI/AI.AI_C NativeClass:/Script/ChaosVehicles.WheeledVehiclePawn Name:AI_C_UAID_A4BB6D4F38B6556F01_1353277362 Label:AI29 SpatiallyLoaded:1 Bounds:IsValid=true, Min=(X=-15963.507 Y=417759.350 Z=72315.341), Max=(X=-15492.406 Y=418020.650 Z=72451.318) RuntimeGrid:None EditorOnly:0 RuntimeOnly:0 HLODRelevant:0
 |   |   |- Guid:DDBB672540FE9019FF0D5CBAB5E07A8B BaseClass:/Game/AI/AI.AI_C NativeClass:/Script/ChaosVehicles.WheeledVehiclePawn Name:AI_C_UAID_A4BB6D4F38B6566F01_1272274552 Label:AI43 SpatiallyLoaded:1 Bounds:IsValid=true, Min=(X=-129173.507 Y=454289.350 Z=72315.341), Max=(X=-128702.406 Y=454550.650 Z=72451.318) RuntimeGrid:None EditorOnly:0 RuntimeOnly:0 HLODRelevant:0
 |   |   |- Guid:E36529234BD68D60E705E29E40242E5F BaseClass:/Game/AI/AI.AI_C NativeClass:/Script/ChaosVehicles.WheeledVehiclePawn Name:AI_C_UAID_A4BB6D4F38B6566F01_1272306563 Label:AI54 SpatiallyLoaded:1 Bounds:IsValid=true, Min=(X=-15153.507 Y=422289.350 Z=72315.341), Max=(X=-14682.406 Y=422550.650 Z=72451.318) RuntimeGrid:None EditorOnly:0 RuntimeOnly:0 HLODRelevant:0
 |   |   |- Guid:E5D14E7A48CA899E9D3A82B13B330C27 BaseClass:/Game/AI/AI.AI_C NativeClass:/Script/ChaosVehicles.WheeledVehiclePawn Name:AI_C_UAID_A4BB6D4F38B6556F01_1258896346 Label:AI13 SpatiallyLoaded:1 Bounds:IsValid=true, Min=(X=-18603.507 Y=414809.350 Z=72315.341), Max=(X=-18132.406 Y=415070.650 Z=72451.318) RuntimeGrid:None EditorOnly:0 RuntimeOnly:0 HLODRelevant:0
 |   |   |- Guid:FB20CA0E4FE30A36056746979B047C2C BaseClass:/Game/AI/AI.AI_C NativeClass:/Script/ChaosVehicles.WheeledVehiclePawn Name:AI_C_UAID_A4BB6D4F38B6566F01_1272265550 Label:AI41 SpatiallyLoaded:1 Bounds:IsValid=true, Min=(X=-17793.507 Y=421049.350 Z=72315.341), Max=(X=-17322.406 Y=421310.650 Z=72451.318) RuntimeGrid:None EditorOnly:0 RuntimeOnly:0 HLODRelevant:0
 |   |   |- Guid:FC6CA9734D1DDE4CE55751A1E8145C25 BaseClass: NativeClass:/Script/NavigationSystem.RecastNavMesh Name:RecastNavMesh_UAID_B04F130B0757166F01-Default Label:RecastNavMesh-Default SpatiallyLoaded:0 Bounds:IsValid=true, Min=(X=0.000 Y=0.000 Z=0.000), Max=(X=0.000 Y=0.000 Z=0.000) RuntimeGrid:None EditorOnly:0 RuntimeOnly:0 HLODRelevant:0
 |   |- [+] Clusters:
 |   |   |- [+] [  0]
 |   |   |   |- Guid:A5D6E6BB46BAC15E6D356990E1F7F480 BaseClass: NativeClass:/Script/Engine.DirectionalLight Name:DirectionalLight_0 Label:DirectionalLight SpatiallyLoaded:0 Bounds:IsValid=true, Min=(X=-4398046511104.000 Y=-4398046511104.000 Z=-4398046511104.000), Max=(X=4398046511104.000 Y=4398046511104.000 Z=4398046511104.000) RuntimeGrid:None EditorOnly:0 RuntimeOnly:0 HLODRelevant:0 FolderPath:Lighting FolderGuid:602030AD4CB26C050EF7B98FCA62FBCA
 |   |   |- [+] [  1]
 |   |   |   |- Guid:FC6CA9734D1DDE4CE55751A1E8145C25 BaseClass: NativeClass:/Script/NavigationSystem.RecastNavMesh Name:RecastNavMesh_UAID_B04F130B0757166F01-Default Label:RecastNavMesh-Default SpatiallyLoaded:0 Bounds:IsValid=true, Min=(X=0.000 Y=0.000 Z=0.000), Max=(X=0.000 Y=0.000 Z=0.000) RuntimeGrid:None EditorOnly:0 RuntimeOnly:0 HLODRelevant:0
 |   |   |- [+] [  2]
 |   |   |   |- Guid:62B351BB423B9EABD5AE849DD1DFC408 BaseClass: NativeClass:/Script/Engine.VolumetricCloud Name:VolumetricCloud_0 Label:VolumetricCloud SpatiallyLoaded:0 Bounds:IsValid=true, Min=(X=-12600.000 Y=-12600.000 Z=720.000), Max=(X=-12600.000 Y=-12600.000 Z=720.000) RuntimeGrid:None EditorOnly:0 RuntimeOnly:0 HLODRelevant:0 FolderPath:Lighting FolderGuid:602030AD4CB26C050EF7B98FCA62FBCA
 |   |   |- [+] [  3]
 |   |   |   |- Guid:6B337CAD4C563049716FB399D124EC3D BaseClass: NativeClass:/Script/Engine.SkyLight Name:SkyLight_1 Label:SkyLight SpatiallyLoaded:0 Bounds:IsValid=true, Min=(X=-12600.000 Y=-12600.000 Z=590.000), Max=(X=-12600.000 Y=-12600.000 Z=590.000) RuntimeGrid:None EditorOnly:0 RuntimeOnly:0 HLODRelevant:0 FolderPath:Lighting FolderGuid:602030AD4CB26C050EF7B98FCA62FBCA
 |   |   |- [+] [  4]
 |   |   |   |- Guid:AB3D653A48C4F01FAA4F39A2698C3518 BaseClass: NativeClass:/Script/Engine.SkyAtmosphere Name:SkyAtmosphere_0 Label:SkyAtmosphere SpatiallyLoaded:0 Bounds:IsValid=true, Min=(X=-12600.000 Y=-12600.000 Z=920.000), Max=(X=-12600.000 Y=-12600.000 Z=920.000) RuntimeGrid:None EditorOnly:0 RuntimeOnly:0 HLODRelevant:0 FolderPath:Lighting FolderGuid:602030AD4CB26C050EF7B98FCA62FBCA
 |   |   |- [+] [  5]
 |   |   |   |- Guid:A6ABCCAF4857AE8E40E6228F0FECD123 BaseClass: NativeClass:/Script/Landscape.Landscape Name:Landscape_0 Label:Landscape SpatiallyLoaded:0 Bounds:IsValid=true, Min=(X=-25200.000 Y=-25200.000 Z=0.000), Max=(X=-25200.000 Y=-25200.000 Z=0.000) RuntimeGrid:None EditorOnly:0 RuntimeOnly:0 HLODRelevant:0 FolderPath:Landscape FolderGuid:912F765E4714A1DB296369A3E4390900
 |   |   |- [+] [  6]
 |   |   |   |- Guid:6A1C7CE945AD720405A2B8A0CDC31EEA BaseClass: NativeClass:/Script/Engine.WorldDataLayers Name:WorldDataLayers Label:WorldDataLayers-1 SpatiallyLoaded:0 Bounds:IsValid=true, Min=(X=0.000 Y=0.000 Z=0.000), Max=(X=0.000 Y=0.000 Z=0.000) RuntimeGrid:None EditorOnly:0 RuntimeOnly:0 HLODRelevant:0
 |   |   |- [+] [  7]
 |   |   |   |- Guid:D5CE1A3946843967B0D1A493A9ED5CF6 BaseClass: NativeClass:/Script/Engine.PostProcessVolume Name:PostProcessVolume_0 Label:PostProcessVolume SpatiallyLoaded:0 Bounds:IsValid=true, Min=(X=-12600.000 Y=-12600.000 Z=300.000), Max=(X=-12400.000 Y=-12400.000 Z=500.000) RuntimeGrid:None EditorOnly:0 RuntimeOnly:0 HLODRelevant:0 FolderPath:Lighting FolderGuid:602030AD4CB26C050EF7B98FCA62FBCA
 |   |   |- [+] [  8]
 |   |   |   |- Guid:1DE36F4E4AC32E528F5DAFB6D70A6F96 BaseClass:/Game/AI/AI.AI_C NativeClass:/Script/ChaosVehicles.WheeledVehiclePawn Name:AI_C_UAID_B04F130B0757166F01_1274790247 Label:AI SpatiallyLoaded:1 Bounds:IsValid=true, Min=(X=1059.350 Y=587802.406 Z=72315.341), Max=(X=1320.650 Y=588273.507 Z=72451.318) RuntimeGrid:None EditorOnly:0 RuntimeOnly:0 HLODRelevant:0
 |   |   |- [+] [  9]
 |   |   |   |- Guid:C500B83C4D33199CBAF65FB268E8C17D BaseClass: NativeClass:/Script/Engine.PlayerStart Name:PlayerStart_UAID_B04F130B0757116F01_1490146370 Label:PlayerStart SpatiallyLoaded:0 Bounds:IsValid=true, Min=(X=2950.000 Y=588210.000 Z=72400.000), Max=(X=3030.000 Y=588290.000 Z=72584.000) RuntimeGrid:None EditorOnly:0 RuntimeOnly:0 HLODRelevant:0
 |   |   |- [+] [ 10]
 |   |   |   |- Guid:CA3C0F6345B2DA9E299ED5BEE611655B BaseClass: NativeClass:/Script/Engine.ExponentialHeightFog Name:ExponentialHeightFog_0 Label:ExponentialHeightFog SpatiallyLoaded:0 Bounds:IsValid=true, Min=(X=-18200.000 Y=-12650.000 Z=-6950.000), Max=(X=-18200.000 Y=-12650.000 Z=-6950.000) RuntimeGrid:None EditorOnly:0 RuntimeOnly:0 HLODRelevant:0 FolderPath:Lighting FolderGuid:602030AD4CB26C050EF7B98FCA62FBCA
 |   |   |- [+] [ 11]
 |   |   |   |- Guid:42D4AE7143EDCB8C882EA1A7C08118BA BaseClass: NativeClass:/Script/Engine.StaticMeshActor Name:StaticMeshActor_UAID_B04F130B0757116F01_1437909369 Label:Cube SpatiallyLoaded:1 Bounds:IsValid=true, Min=(X=-181712.500 Y=-327170.000 Z=72230.000), Max=(X=204712.500 Y=672830.000 Z=72330.000) RuntimeGrid:None EditorOnly:0 RuntimeOnly:0 HLODRelevant:1
 |   |   |- [+] [ 12]
 |   |   |   |- Guid:3AEA29B84D377FECD3E710A7D09984C3 BaseClass:/Game/AI/AI.AI_C NativeClass:/Script/ChaosVehicles.WheeledVehiclePawn Name:AI_C_UAID_A4BB6D4F38B6546F01_1986674159 Label:AI2 SpatiallyLoaded:1 Bounds:IsValid=true, Min=(X=-40133.507 Y=416689.350 Z=72315.341), Max=(X=-39662.406 Y=416950.650 Z=72451.318) RuntimeGrid:None EditorOnly:0 RuntimeOnly:0 HLODRelevant:0
 |   |   |- [+] [ 13]
 |   |   |   |- Guid:4964AB72466E332BF41DC181FC78EAE2 BaseClass:/Game/AI/AI.AI_C NativeClass:/Script/ChaosVehicles.WheeledVehiclePawn Name:AI_C_UAID_A4BB6D4F38B6546F01_1989193160 Label:AI3 SpatiallyLoaded:1 Bounds:IsValid=true, Min=(X=-85873.507 Y=396819.350 Z=72315.341), Max=(X=-85402.406 Y=397080.650 Z=72451.318) RuntimeGrid:None EditorOnly:0 RuntimeOnly:0 HLODRelevant:0
 |   |   |- [+] [ 14]
 |   |   |   |- Guid:0FBA672E43A9A36F0DBE3F90A18C3E03 BaseClass:/Game/AI/AI.AI_C NativeClass:/Script/ChaosVehicles.WheeledVehiclePawn Name:AI_C_UAID_A4BB6D4F38B6546F01_1991534161 Label:AI4 SpatiallyLoaded:1 Bounds:IsValid=true, Min=(X=-120003.507 Y=571949.350 Z=72315.341), Max=(X=-119532.406 Y=572210.650 Z=72451.318) RuntimeGrid:None EditorOnly:0 RuntimeOnly:0 HLODRelevant:0
 |   |   |- [+] [ 15]
 |   |   |   |- Guid:CB6173E145DC0CF3A33B8A82A0FA1115 BaseClass:/Game/AI/AI.AI_C NativeClass:/Script/ChaosVehicles.WheeledVehiclePawn Name:AI_C_UAID_A4BB6D4F38B6546F01_1993979162 Label:AI5 SpatiallyLoaded:1 Bounds:IsValid=true, Min=(X=-132933.507 Y=449759.350 Z=72315.341), Max=(X=-132462.406 Y=450020.650 Z=72451.318) RuntimeGrid:None EditorOnly:0 RuntimeOnly:0 HLODRelevant:0
 |   |   |- [+] [ 16]
 |   |   |   |- Guid:9EC06CBA4B2D95457CCFD2BFEBDEEB23 BaseClass:/Game/AI/AI.AI_C NativeClass:/Script/ChaosVehicles.WheeledVehiclePawn Name:AI_C_UAID_A4BB6D4F38B6556F01_1260806355 Label:AI22 SpatiallyLoaded:1 Bounds:IsValid=true, Min=(X=-17793.507 Y=417759.350 Z=72315.341), Max=(X=-17322.406 Y=418020.650 Z=72451.318) RuntimeGrid:None EditorOnly:0 RuntimeOnly:0 HLODRelevant:0
 |   |   |- [+] [ 17]
 |   |   |   |- Guid:6107C9014E43C1FEB0F9B882164388D4 BaseClass:/Game/AI/AI.AI_C NativeClass:/Script/ChaosVehicles.WheeledVehiclePawn Name:AI_C_UAID_A4BB6D4F38B6556F01_1248375339 Label:AI6 SpatiallyLoaded:1 Bounds:IsValid=true, Min=(X=-19723.507 Y=414259.350 Z=72315.341), Max=(X=-19252.406 Y=414520.650 Z=72451.318) RuntimeGrid:None EditorOnly:0 RuntimeOnly:0 HLODRelevant:0
 |   |   |- [+] [ 18]
 |   |   |   |- Guid:617D84B24A218B340F2978B92DA48116 BaseClass:/Game/AI/AI.AI_C NativeClass:/Script/ChaosVehicles.WheeledVehiclePawn Name:AI_C_UAID_A4BB6D4F38B6556F01_1249830340 Label:AI7 SpatiallyLoaded:1 Bounds:IsValid=true, Min=(X=-19723.507 Y=414809.350 Z=72315.341), Max=(X=-19252.406 Y=415070.650 Z=72451.318) RuntimeGrid:None EditorOnly:0 RuntimeOnly:0 HLODRelevant:0
 |   |   |- [+] [ 19]
 |   |   |   |- Guid:BC66980B4C0632631C27D8A1AFDBE09C BaseClass:/Game/AI/AI.AI_C NativeClass:/Script/ChaosVehicles.WheeledVehiclePawn Name:AI_C_UAID_A4BB6D4F38B6556F01_1250962341 Label:AI8 SpatiallyLoaded:1 Bounds:IsValid=true, Min=(X=-19723.507 Y=415429.350 Z=72315.341), Max=(X=-19252.406 Y=415690.650 Z=72451.318) RuntimeGrid:None EditorOnly:0 RuntimeOnly:0 HLODRelevant:0
 |   |   |- [+] [ 20]
 |   |   |   |- Guid:015345114BAD1D06C49137BC7C41BB5D BaseClass:/Game/AI/AI.AI_C NativeClass:/Script/ChaosVehicles.WheeledVehiclePawn Name:AI_C_UAID_A4BB6D4F38B6556F01_1252523342 Label:AI9 SpatiallyLoaded:1 Bounds:IsValid=true, Min=(X=-19723.507 Y=416519.350 Z=72315.341), Max=(X=-19252.406 Y=416780.650 Z=72451.318) RuntimeGrid:None EditorOnly:0 RuntimeOnly:0 HLODRelevant:0
 |   |   |- [+] [ 21]
 |   |   |   |- Guid:BBCE40BD49C5571E17AFF9B4D137C49C BaseClass:/Game/AI/AI.AI_C NativeClass:/Script/ChaosVehicles.WheeledVehiclePawn Name:AI_C_UAID_A4BB6D4F38B6556F01_1254970343 Label:AI10 SpatiallyLoaded:1 Bounds:IsValid=true, Min=(X=-19723.507 Y=417759.350 Z=72315.341), Max=(X=-19252.406 Y=418020.650 Z=72451.318) RuntimeGrid:None EditorOnly:0 RuntimeOnly:0 HLODRelevant:0
 |   |   |- [+] [ 22]
 |   |   |   |- Guid:6DAF99514822C86C089E688F45BE6489 BaseClass:/Game/AI/AI.AI_C NativeClass:/Script/ChaosVehicles.WheeledVehiclePawn Name:AI_C_UAID_A4BB6D4F38B6556F01_1258888344 Label:AI11 SpatiallyLoaded:1 Bounds:IsValid=true, Min=(X=-131813.507 Y=449759.350 Z=72315.341), Max=(X=-131342.406 Y=450020.650 Z=72451.318) RuntimeGrid:None EditorOnly:0 RuntimeOnly:0 HLODRelevant:0
 |   |   |- [+] [ 23]
 |   |   |   |- Guid:59C9AC844FF0C06CF63E06879E99EA54 BaseClass:/Game/AI/AI.AI_C NativeClass:/Script/ChaosVehicles.WheeledVehiclePawn Name:AI_C_UAID_A4BB6D4F38B6556F01_1258893345 Label:AI12 SpatiallyLoaded:1 Bounds:IsValid=true, Min=(X=-18603.507 Y=414259.350 Z=72315.341), Max=(X=-18132.406 Y=414520.650 Z=72451.318) RuntimeGrid:None EditorOnly:0 RuntimeOnly:0 HLODRelevant:0
 |   |   |- [+] [ 24]
 |   |   |   |- Guid:E5D14E7A48CA899E9D3A82B13B330C27 BaseClass:/Game/AI/AI.AI_C NativeClass:/Script/ChaosVehicles.WheeledVehiclePawn Name:AI_C_UAID_A4BB6D4F38B6556F01_1258896346 Label:AI13 SpatiallyLoaded:1 Bounds:IsValid=true, Min=(X=-18603.507 Y=414809.350 Z=72315.341), Max=(X=-18132.406 Y=415070.650 Z=72451.318) RuntimeGrid:None EditorOnly:0 RuntimeOnly:0 HLODRelevant:0
 |   |   |- [+] [ 25]
 |   |   |   |- Guid:5F2811BC4DEDA7D2B296CA87440769EA BaseClass:/Game/AI/AI.AI_C NativeClass:/Script/ChaosVehicles.WheeledVehiclePawn Name:AI_C_UAID_A4BB6D4F38B6556F01_1258900347 Label:AI14 SpatiallyLoaded:1 Bounds:IsValid=true, Min=(X=-18603.507 Y=415429.350 Z=72315.341), Max=(X=-18132.406 Y=415690.650 Z=72451.318) RuntimeGrid:None EditorOnly:0 RuntimeOnly:0 HLODRelevant:0
 |   |   |- [+] [ 26]
 |   |   |   |- Guid:78E4A0134152DAAD2E96289FEB947285 BaseClass:/Game/AI/AI.AI_C NativeClass:/Script/ChaosVehicles.WheeledVehiclePawn Name:AI_C_UAID_A4BB6D4F38B6556F01_1258904348 Label:AI15 SpatiallyLoaded:1 Bounds:IsValid=true, Min=(X=-18603.507 Y=416519.350 Z=72315.341), Max=(X=-18132.406 Y=416780.650 Z=72451.318) RuntimeGrid:None EditorOnly:0 RuntimeOnly:0 HLODRelevant:0
 |   |   |- [+] [ 27]
 |   |   |   |- Guid:D09CA41147BECD4FBA14BBAA45354F6E BaseClass:/Game/AI/AI.AI_C NativeClass:/Script/ChaosVehicles.WheeledVehiclePawn Name:AI_C_UAID_A4BB6D4F38B6556F01_1258909349 Label:AI16 SpatiallyLoaded:1 Bounds:IsValid=true, Min=(X=-18603.507 Y=417759.350 Z=72315.341), Max=(X=-18132.406 Y=418020.650 Z=72451.318) RuntimeGrid:None EditorOnly:0 RuntimeOnly:0 HLODRelevant:0
 |   |   |- [+] [ 28]
 |   |   |   |- Guid:1F0DAF4C47340551B6994FA18D0DF3A2 BaseClass:/Game/AI/AI.AI_C NativeClass:/Script/ChaosVehicles.WheeledVehiclePawn Name:AI_C_UAID_A4BB6D4F38B6556F01_1260787350 Label:AI17 SpatiallyLoaded:1 Bounds:IsValid=true, Min=(X=-131003.507 Y=449759.350 Z=72315.341), Max=(X=-130532.406 Y=450020.650 Z=72451.318) RuntimeGrid:None EditorOnly:0 RuntimeOnly:0 HLODRelevant:0
 |   |   |- [+] [ 29]
 |   |   |   |- Guid:592DDF744D3D3E37A20CA1B50788E70A BaseClass:/Game/AI/AI.AI_C NativeClass:/Script/ChaosVehicles.WheeledVehiclePawn Name:AI_C_UAID_A4BB6D4F38B6556F01_1260792351 Label:AI18 SpatiallyLoaded:1 Bounds:IsValid=true, Min=(X=-17793.507 Y=414259.350 Z=72315.341), Max=(X=-17322.406 Y=414520.650 Z=72451.318) RuntimeGrid:None EditorOnly:0 RuntimeOnly:0 HLODRelevant:0
 |   |   |- [+] [ 30]
 |   |   |   |- Guid:D37E12A4429CFD9FA2D9F08D64D1EDFF BaseClass:/Game/AI/AI.AI_C NativeClass:/Script/ChaosVehicles.WheeledVehiclePawn Name:AI_C_UAID_A4BB6D4F38B6556F01_1260796352 Label:AI19 SpatiallyLoaded:1 Bounds:IsValid=true, Min=(X=-17793.507 Y=414809.350 Z=72315.341), Max=(X=-17322.406 Y=415070.650 Z=72451.318) RuntimeGrid:None EditorOnly:0 RuntimeOnly:0 HLODRelevant:0
 |   |   |- [+] [ 31]
 |   |   |   |- Guid:1708E55E448F9E88DB4F04ABEFFE6AD8 BaseClass:/Game/AI/AI.AI_C NativeClass:/Script/ChaosVehicles.WheeledVehiclePawn Name:AI_C_UAID_A4BB6D4F38B6556F01_1260799353 Label:AI20 SpatiallyLoaded:1 Bounds:IsValid=true, Min=(X=-17793.507 Y=415429.350 Z=72315.341), Max=(X=-17322.406 Y=415690.650 Z=72451.318) RuntimeGrid:None EditorOnly:0 RuntimeOnly:0 HLODRelevant:0
 |   |   |- [+] [ 32]
 |   |   |   |- Guid:59673FBA49E0BADCEFFD63B7F1F80C8E BaseClass:/Game/AI/AI.AI_C NativeClass:/Script/ChaosVehicles.WheeledVehiclePawn Name:AI_C_UAID_A4BB6D4F38B6556F01_1260803354 Label:AI21 SpatiallyLoaded:1 Bounds:IsValid=true, Min=(X=-17793.507 Y=416519.350 Z=72315.341), Max=(X=-17322.406 Y=416780.650 Z=72451.318) RuntimeGrid:None EditorOnly:0 RuntimeOnly:0 HLODRelevant:0
 |   |   |- [+] [ 33]
 |   |   |   |- Guid:A963625E44318D1C1DEEEF8BF1A0664B BaseClass:/Game/AI/AI.AI_C NativeClass:/Script/ChaosVehicles.WheeledVehiclePawn Name:AI_C_UAID_A4BB6D4F38B6556F01_1353256356 Label:AI23 SpatiallyLoaded:1 Bounds:IsValid=true, Min=(X=-17083.507 Y=417759.350 Z=72315.341), Max=(X=-16612.406 Y=418020.650 Z=72451.318) RuntimeGrid:None EditorOnly:0 RuntimeOnly:0 HLODRelevant:0
 |   |   |- [+] [ 34]
 |   |   |   |- Guid:8DA6709046C66811D2B2AE96FC2B0708 BaseClass:/Game/AI/AI.AI_C NativeClass:/Script/ChaosVehicles.WheeledVehiclePawn Name:AI_C_UAID_A4BB6D4F38B6556F01_1353261357 Label:AI24 SpatiallyLoaded:1 Bounds:IsValid=true, Min=(X=-129173.507 Y=449759.350 Z=72315.341), Max=(X=-128702.406 Y=450020.650 Z=72451.318) RuntimeGrid:None EditorOnly:0 RuntimeOnly:0 HLODRelevant:0
 |   |   |- [+] [ 35]
 |   |   |   |- Guid:CC995DED4B1BB5552A4EBA83308BE359 BaseClass:/Game/AI/AI.AI_C NativeClass:/Script/ChaosVehicles.WheeledVehiclePawn Name:AI_C_UAID_A4BB6D4F38B6556F01_1353264358 Label:AI25 SpatiallyLoaded:1 Bounds:IsValid=true, Min=(X=-15963.507 Y=414259.350 Z=72315.341), Max=(X=-15492.406 Y=414520.650 Z=72451.318) RuntimeGrid:None EditorOnly:0 RuntimeOnly:0 HLODRelevant:0
 |   |   |- [+] [ 36]
 |   |   |   |- Guid:71F4679D4D5A84BC11C19E989ED4C801 BaseClass:/Game/AI/AI.AI_C NativeClass:/Script/ChaosVehicles.WheeledVehiclePawn Name:AI_C_UAID_A4BB6D4F38B6556F01_1353267359 Label:AI26 SpatiallyLoaded:1 Bounds:IsValid=true, Min=(X=-15963.507 Y=414809.350 Z=72315.341), Max=(X=-15492.406 Y=415070.650 Z=72451.318) RuntimeGrid:None EditorOnly:0 RuntimeOnly:0 HLODRelevant:0
 |   |   |- [+] [ 37]
 |   |   |   |- Guid:3750329F4FC9B665B3EC8198C600378A BaseClass:/Game/AI/AI.AI_C NativeClass:/Script/ChaosVehicles.WheeledVehiclePawn Name:AI_C_UAID_A4BB6D4F38B6556F01_1353270360 Label:AI27 SpatiallyLoaded:1 Bounds:IsValid=true, Min=(X=-15963.507 Y=415429.350 Z=72315.341), Max=(X=-15492.406 Y=415690.650 Z=72451.318) RuntimeGrid:None EditorOnly:0 RuntimeOnly:0 HLODRelevant:0
 |   |   |- [+] [ 38]
 |   |   |   |- Guid:44DD097D4FDC65AE2A5E40B40C21A459 BaseClass:/Game/AI/AI.AI_C NativeClass:/Script/ChaosVehicles.WheeledVehiclePawn Name:AI_C_UAID_A4BB6D4F38B6556F01_1353274361 Label:AI28 SpatiallyLoaded:1 Bounds:IsValid=true, Min=(X=-15963.507 Y=416519.350 Z=72315.341), Max=(X=-15492.406 Y=416780.650 Z=72451.318) RuntimeGrid:None EditorOnly:0 RuntimeOnly:0 HLODRelevant:0
 |   |   |- [+] [ 39]
 |   |   |   |- Guid:DCC607CA45472DF5E483229A2C2B3B04 BaseClass:/Game/AI/AI.AI_C NativeClass:/Script/ChaosVehicles.WheeledVehiclePawn Name:AI_C_UAID_A4BB6D4F38B6556F01_1353277362 Label:AI29 SpatiallyLoaded:1 Bounds:IsValid=true, Min=(X=-15963.507 Y=417759.350 Z=72315.341), Max=(X=-15492.406 Y=418020.650 Z=72451.318) RuntimeGrid:None EditorOnly:0 RuntimeOnly:0 HLODRelevant:0
 |   |   |- [+] [ 40]
 |   |   |   |- Guid:0160D68D4BD841ED35F8AFBEA706A638 BaseClass:/Game/AI/AI.AI_C NativeClass:/Script/ChaosVehicles.WheeledVehiclePawn Name:AI_C_UAID_A4BB6D4F38B6556F01_1353281363 Label:AI30 SpatiallyLoaded:1 Bounds:IsValid=true, Min=(X=-128363.507 Y=449759.350 Z=72315.341), Max=(X=-127892.406 Y=450020.650 Z=72451.318) RuntimeGrid:None EditorOnly:0 RuntimeOnly:0 HLODRelevant:0
 |   |   |- [+] [ 41]
 |   |   |   |- Guid:C816304446DA827A9468C7A756360F21 BaseClass:/Game/AI/AI.AI_C NativeClass:/Script/ChaosVehicles.WheeledVehiclePawn Name:AI_C_UAID_A4BB6D4F38B6556F01_1353283364 Label:AI31 SpatiallyLoaded:1 Bounds:IsValid=true, Min=(X=-15153.507 Y=414259.350 Z=72315.341), Max=(X=-14682.406 Y=414520.650 Z=72451.318) RuntimeGrid:None EditorOnly:0 RuntimeOnly:0 HLODRelevant:0
 |   |   |- [+] [ 42]
 |   |   |   |- Guid:4A6AD97740B77CE29B71E0B34CA44CAF BaseClass:/Game/AI/AI.AI_C NativeClass:/Script/ChaosVehicles.WheeledVehiclePawn Name:AI_C_UAID_A4BB6D4F38B6556F01_1353288365 Label:AI32 SpatiallyLoaded:1 Bounds:IsValid=true, Min=(X=-15153.507 Y=414809.350 Z=72315.341), Max=(X=-14682.406 Y=415070.650 Z=72451.318) RuntimeGrid:None EditorOnly:0 RuntimeOnly:0 HLODRelevant:0
 |   |   |- [+] [ 43]
 |   |   |   |- Guid:7ABC3EC647F256329609E2B9FCABAD24 BaseClass:/Game/AI/AI.AI_C NativeClass:/Script/ChaosVehicles.WheeledVehiclePawn Name:AI_C_UAID_A4BB6D4F38B6556F01_1353291366 Label:AI33 SpatiallyLoaded:1 Bounds:IsValid=true, Min=(X=-15153.507 Y=415429.350 Z=72315.341), Max=(X=-14682.406 Y=415690.650 Z=72451.318) RuntimeGrid:None EditorOnly:0 RuntimeOnly:0 HLODRelevant:0
 |   |   |- [+] [ 44]
 |   |   |   |- Guid:4E8317444093B385139396944BA38B23 BaseClass:/Game/AI/AI.AI_C NativeClass:/Script/ChaosVehicles.WheeledVehiclePawn Name:AI_C_UAID_A4BB6D4F38B6556F01_1353295367 Label:AI34 SpatiallyLoaded:1 Bounds:IsValid=true, Min=(X=-15153.507 Y=416519.350 Z=72315.341), Max=(X=-14682.406 Y=416780.650 Z=72451.318) RuntimeGrid:None EditorOnly:0 RuntimeOnly:0 HLODRelevant:0
 |   |   |- [+] [ 45]
 |   |   |   |- Guid:5A3854614192DA693D1C50817668541D BaseClass:/Game/AI/AI.AI_C NativeClass:/Script/ChaosVehicles.WheeledVehiclePawn Name:AI_C_UAID_A4BB6D4F38B6556F01_1353298368 Label:AI35 SpatiallyLoaded:1 Bounds:IsValid=true, Min=(X=-15153.507 Y=417759.350 Z=72315.341), Max=(X=-14682.406 Y=418020.650 Z=72451.318) RuntimeGrid:None EditorOnly:0 RuntimeOnly:0 HLODRelevant:0
 |   |   |- [+] [ 46]
 |   |   |   |- Guid:6DA7568245D7C69743CF0492B257A387 BaseClass:/Game/AI/AI.AI_C NativeClass:/Script/ChaosVehicles.WheeledVehiclePawn Name:AI_C_UAID_A4BB6D4F38B6566F01_1272243545 Label:AI36 SpatiallyLoaded:1 Bounds:IsValid=true, Min=(X=-17793.507 Y=422289.350 Z=72315.341), Max=(X=-17322.406 Y=422550.650 Z=72451.318) RuntimeGrid:None EditorOnly:0 RuntimeOnly:0 HLODRelevant:0
 |   |   |- [+] [ 47]
 |   |   |   |- Guid:35B70FB44C4D9A04E29B4CBD716B881A BaseClass:/Game/AI/AI.AI_C NativeClass:/Script/ChaosVehicles.WheeledVehiclePawn Name:AI_C_UAID_A4BB6D4F38B6566F01_1272249546 Label:AI37 SpatiallyLoaded:1 Bounds:IsValid=true, Min=(X=-131003.507 Y=454289.350 Z=72315.341), Max=(X=-130532.406 Y=454550.650 Z=72451.318) RuntimeGrid:None EditorOnly:0 RuntimeOnly:0 HLODRelevant:0
 |   |   |- [+] [ 48]
 |   |   |   |- Guid:96E85FF540CCBC0C9B8CC2B4A1D53077 BaseClass:/Game/AI/AI.AI_C NativeClass:/Script/ChaosVehicles.WheeledVehiclePawn Name:AI_C_UAID_A4BB6D4F38B6566F01_1272252547 Label:AI38 SpatiallyLoaded:1 Bounds:IsValid=true, Min=(X=-17793.507 Y=418789.350 Z=72315.341), Max=(X=-17322.406 Y=419050.650 Z=72451.318) RuntimeGrid:None EditorOnly:0 RuntimeOnly:0 HLODRelevant:0
 |   |   |- [+] [ 49]
 |   |   |   |- Guid:B73EC75743010A9F9CE1FAA9F5407D00 BaseClass:/Game/AI/AI.AI_C NativeClass:/Script/ChaosVehicles.WheeledVehiclePawn Name:AI_C_UAID_A4BB6D4F38B6566F01_1272256548 Label:AI39 SpatiallyLoaded:1 Bounds:IsValid=true, Min=(X=-17793.507 Y=419339.350 Z=72315.341), Max=(X=-17322.406 Y=419600.650 Z=72451.318) RuntimeGrid:None EditorOnly:0 RuntimeOnly:0 HLODRelevant:0
 |   |   |- [+] [ 50]
 |   |   |   |- Guid:6E5A11F2458C49B279E3BB9A501680EC BaseClass:/Game/AI/AI.AI_C NativeClass:/Script/ChaosVehicles.WheeledVehiclePawn Name:AI_C_UAID_A4BB6D4F38B6566F01_1272260549 Label:AI40 SpatiallyLoaded:1 Bounds:IsValid=true, Min=(X=-17793.507 Y=419959.350 Z=72315.341), Max=(X=-17322.406 Y=420220.650 Z=72451.318) RuntimeGrid:None EditorOnly:0 RuntimeOnly:0 HLODRelevant:0
 |   |   |- [+] [ 51]
 |   |   |   |- Guid:FB20CA0E4FE30A36056746979B047C2C BaseClass:/Game/AI/AI.AI_C NativeClass:/Script/ChaosVehicles.WheeledVehiclePawn Name:AI_C_UAID_A4BB6D4F38B6566F01_1272265550 Label:AI41 SpatiallyLoaded:1 Bounds:IsValid=true, Min=(X=-17793.507 Y=421049.350 Z=72315.341), Max=(X=-17322.406 Y=421310.650 Z=72451.318) RuntimeGrid:None EditorOnly:0 RuntimeOnly:0 HLODRelevant:0
 |   |   |- [+] [ 52]
 |   |   |   |- Guid:3D08505949DFF84C588855AB17F0C016 BaseClass:/Game/AI/AI.AI_C NativeClass:/Script/ChaosVehicles.WheeledVehiclePawn Name:AI_C_UAID_A4BB6D4F38B6566F01_1272269551 Label:AI42 SpatiallyLoaded:1 Bounds:IsValid=true, Min=(X=-17083.507 Y=422289.350 Z=72315.341), Max=(X=-16612.406 Y=422550.650 Z=72451.318) RuntimeGrid:None EditorOnly:0 RuntimeOnly:0 HLODRelevant:0
 |   |   |- [+] [ 53]
 |   |   |   |- Guid:DDBB672540FE9019FF0D5CBAB5E07A8B BaseClass:/Game/AI/AI.AI_C NativeClass:/Script/ChaosVehicles.WheeledVehiclePawn Name:AI_C_UAID_A4BB6D4F38B6566F01_1272274552 Label:AI43 SpatiallyLoaded:1 Bounds:IsValid=true, Min=(X=-129173.507 Y=454289.350 Z=72315.341), Max=(X=-128702.406 Y=454550.650 Z=72451.318) RuntimeGrid:None EditorOnly:0 RuntimeOnly:0 HLODRelevant:0
 |   |   |- [+] [ 54]
 |   |   |   |- Guid:C9DCDEA9455AA82588A945936BD5079B BaseClass:/Game/AI/AI.AI_C NativeClass:/Script/ChaosVehicles.WheeledVehiclePawn Name:AI_C_UAID_A4BB6D4F38B6566F01_1272278553 Label:AI44 SpatiallyLoaded:1 Bounds:IsValid=true, Min=(X=-15963.507 Y=418789.350 Z=72315.341), Max=(X=-15492.406 Y=419050.650 Z=72451.318) RuntimeGrid:None EditorOnly:0 RuntimeOnly:0 HLODRelevant:0
 |   |   |- [+] [ 55]
 |   |   |   |- Guid:671F6B2140FDB96C3238BC98685536BD BaseClass:/Game/AI/AI.AI_C NativeClass:/Script/ChaosVehicles.WheeledVehiclePawn Name:AI_C_UAID_A4BB6D4F38B6566F01_1272282554 Label:AI45 SpatiallyLoaded:1 Bounds:IsValid=true, Min=(X=-15963.507 Y=419339.350 Z=72315.341), Max=(X=-15492.406 Y=419600.650 Z=72451.318) RuntimeGrid:None EditorOnly:0 RuntimeOnly:0 HLODRelevant:0
 |   |   |- [+] [ 56]
 |   |   |   |- Guid:867E810840479C922C6C6F8DDE8CDF61 BaseClass:/Game/AI/AI.AI_C NativeClass:/Script/ChaosVehicles.WheeledVehiclePawn Name:AI_C_UAID_A4BB6D4F38B6566F01_1272285555 Label:AI46 SpatiallyLoaded:1 Bounds:IsValid=true, Min=(X=-15963.507 Y=419959.350 Z=72315.341), Max=(X=-15492.406 Y=420220.650 Z=72451.318) RuntimeGrid:None EditorOnly:0 RuntimeOnly:0 HLODRelevant:0
 |   |   |- [+] [ 57]
 |   |   |   |- Guid:9D0AFBE04CC38EAA15041D8D9000479C BaseClass:/Game/AI/AI.AI_C NativeClass:/Script/ChaosVehicles.WheeledVehiclePawn Name:AI_C_UAID_A4BB6D4F38B6566F01_1272287556 Label:AI47 SpatiallyLoaded:1 Bounds:IsValid=true, Min=(X=-15963.507 Y=421049.350 Z=72315.341), Max=(X=-15492.406 Y=421310.650 Z=72451.318) RuntimeGrid:None EditorOnly:0 RuntimeOnly:0 HLODRelevant:0
 |   |   |- [+] [ 58]
 |   |   |   |- Guid:22801630478CDC1856A09D9C446FE739 BaseClass:/Game/AI/AI.AI_C NativeClass:/Script/ChaosVehicles.WheeledVehiclePawn Name:AI_C_UAID_A4BB6D4F38B6566F01_1272290557 Label:AI48 SpatiallyLoaded:1 Bounds:IsValid=true, Min=(X=-15963.507 Y=422289.350 Z=72315.341), Max=(X=-15492.406 Y=422550.650 Z=72451.318) RuntimeGrid:None EditorOnly:0 RuntimeOnly:0 HLODRelevant:0
 |   |   |- [+] [ 59]
 |   |   |   |- Guid:0F6CBD3241FF5631D344DEA2A015DB04 BaseClass:/Game/AI/AI.AI_C NativeClass:/Script/ChaosVehicles.WheeledVehiclePawn Name:AI_C_UAID_A4BB6D4F38B6566F01_1272292558 Label:AI49 SpatiallyLoaded:1 Bounds:IsValid=true, Min=(X=-128363.507 Y=454289.350 Z=72315.341), Max=(X=-127892.406 Y=454550.650 Z=72451.318) RuntimeGrid:None EditorOnly:0 RuntimeOnly:0 HLODRelevant:0
 |   |   |- [+] [ 60]
 |   |   |   |- Guid:D3FE6ACD425969ABA083F5948267A3F2 BaseClass:/Game/AI/AI.AI_C NativeClass:/Script/ChaosVehicles.WheeledVehiclePawn Name:AI_C_UAID_A4BB6D4F38B6566F01_1272295559 Label:AI50 SpatiallyLoaded:1 Bounds:IsValid=true, Min=(X=-15153.507 Y=418789.350 Z=72315.341), Max=(X=-14682.406 Y=419050.650 Z=72451.318) RuntimeGrid:None EditorOnly:0 RuntimeOnly:0 HLODRelevant:0
 |   |   |- [+] [ 61]
 |   |   |   |- Guid:830C5AF14CEB372A1ED0B49351AF84B5 BaseClass:/Game/AI/AI.AI_C NativeClass:/Script/ChaosVehicles.WheeledVehiclePawn Name:AI_C_UAID_A4BB6D4F38B6566F01_1272298560 Label:AI51 SpatiallyLoaded:1 Bounds:IsValid=true, Min=(X=-15153.507 Y=419339.350 Z=72315.341), Max=(X=-14682.406 Y=419600.650 Z=72451.318) RuntimeGrid:None EditorOnly:0 RuntimeOnly:0 HLODRelevant:0
 |   |   |- [+] [ 62]
 |   |   |   |- Guid:69EF141544751E8A915DF8B21EC8D815 BaseClass:/Game/AI/AI.AI_C NativeClass:/Script/ChaosVehicles.WheeledVehiclePawn Name:AI_C_UAID_A4BB6D4F38B6566F01_1272301561 Label:AI52 SpatiallyLoaded:1 Bounds:IsValid=true, Min=(X=-15153.507 Y=419959.350 Z=72315.341), Max=(X=-14682.406 Y=420220.650 Z=72451.318) RuntimeGrid:None EditorOnly:0 RuntimeOnly:0 HLODRelevant:0
 |   |   |- [+] [ 63]
 |   |   |   |- Guid:6DBEA7F9498C6F22FA9DDA8A67B7832B BaseClass:/Game/AI/AI.AI_C NativeClass:/Script/ChaosVehicles.WheeledVehiclePawn Name:AI_C_UAID_A4BB6D4F38B6566F01_1272304562 Label:AI53 SpatiallyLoaded:1 Bounds:IsValid=true, Min=(X=-15153.507 Y=421049.350 Z=72315.341), Max=(X=-14682.406 Y=421310.650 Z=72451.318) RuntimeGrid:None EditorOnly:0 RuntimeOnly:0 HLODRelevant:0
 |   |   |- [+] [ 64]
 |   |   |   |- Guid:E36529234BD68D60E705E29E40242E5F BaseClass:/Game/AI/AI.AI_C NativeClass:/Script/ChaosVehicles.WheeledVehiclePawn Name:AI_C_UAID_A4BB6D4F38B6566F01_1272306563 Label:AI54 SpatiallyLoaded:1 Bounds:IsValid=true, Min=(X=-15153.507 Y=422289.350 Z=72315.341), Max=(X=-14682.406 Y=422550.650 Z=72451.318) RuntimeGrid:None EditorOnly:0 RuntimeOnly:0 HLODRelevant:0
 |- ContainerInstances:
 |- [+] MainContainer:
 |   |-        ID: 0x0000000000000000
 |   |-    Bounds: IsValid=false, Min=(X=0.000 Y=0.000 Z=0.000), Max=(X=0.000 Y=0.000 Z=0.000)
 |   |- Transform: 0.000000,0.000000,0.000000|0.000000,0.000000,-0.000000|1.000000,1.000000,1.000000
 |   |- Container: /Game/VehicleExampleMap
----------------------------------------------------------------------------------------------------------------
VehicleExampleMap - Persistent Level
----------------------------------------------------------------------------------------------------------------
Always loaded Actor Count: 72 

----------------------------------------------------------------------------------------------------------------
VehicleExampleMap - Runtime Spatial Hash - Streaming Grid - MainGrid
----------------------------------------------------------------------------------------------------------------
            Origin: X=0.000 Y=0.000 Z=0.000
         Cell Size: 12800
      World Bounds: IsValid=false, Min=(X=0.000 Y=0.000 Z=0.000), Max=(X=0.000 Y=0.000 Z=0.000)
     Loading Range: 25600.00
Block Slow Loading: No
 ClientOnlyVisible: No

[+] Grid Levels: 1
 |- Level  0: Cell Count    0 | Cell Size   12800 | Actor Count    0 (0.0%)

[+] Content of Grid Level 0

