[+] Containers:
 |- [+] Container: /Game/VehicleTemplate/Maps/VehicleExampleMap
 |   |- [+] ActorDescs:
 |   |   |- Guid:0E88C653458DFDAB19938BA69924309B BaseClass: NativeClass:/Script/Engine.StaticMeshActor Name:StaticMeshActor_UAID_B04F130B0757116F01_1683644372 Label:Cube3 SpatiallyLoaded:1 Bounds:IsValid=true, Min=(X=6995.000 Y=488320.000 Z=71942.500), Max=(X=7445.000 Y=588320.000 Z=72717.500) RuntimeGrid:None EditorOnly:0 RuntimeOnly:0 HLODRelevant:1
 |   |   |- Guid:25E5DDFF4470467ED7998D9AFC362E5C BaseClass: NativeClass:/Script/Engine.StaticMeshActor Name:StaticMeshActor_UAID_B04F130B0757146F01_1863349897 Label:Cube4 SpatiallyLoaded:1 Bounds:IsValid=true, Min=(X=-1750.000 Y=587922.500 Z=71042.500), Max=(X=8250.000 Y=588297.500 Z=73617.500) RuntimeGrid:None EditorOnly:0 RuntimeOnly:0 HLODRelevant:1
 |   |   |- Guid:42D4AE7143EDCB8C882EA1A7C08118BA BaseClass: NativeClass:/Script/Engine.StaticMeshActor Name:StaticMeshActor_UAID_B04F130B0757116F01_1437909369 Label:Cube SpatiallyLoaded:1 Bounds:IsValid=true, Min=(X=-38500.000 Y=-411580.000 Z=72230.000), Max=(X=61500.000 Y=588420.000 Z=72330.000) RuntimeGrid:None EditorOnly:0 RuntimeOnly:0 HLODRelevant:1
 |   |   |- Guid:62B351BB423B9EABD5AE849DD1DFC408 BaseClass: NativeClass:/Script/Engine.VolumetricCloud Name:VolumetricCloud_0 Label:VolumetricCloud SpatiallyLoaded:0 Bounds:IsValid=true, Min=(X=-12600.000 Y=-12600.000 Z=720.000), Max=(X=-12600.000 Y=-12600.000 Z=720.000) RuntimeGrid:None EditorOnly:0 RuntimeOnly:0 HLODRelevant:0 FolderPath:Lighting FolderGuid:602030AD4CB26C050EF7B98FCA62FBCA
 |   |   |- Guid:6A1C7CE945AD720405A2B8A0CDC31EEA BaseClass: NativeClass:/Script/Engine.WorldDataLayers Name:WorldDataLayers Label:WorldDataLayers-1 SpatiallyLoaded:0 Bounds:IsValid=true, Min=(X=0.000 Y=0.000 Z=0.000), Max=(X=0.000 Y=0.000 Z=0.000) RuntimeGrid:None EditorOnly:0 RuntimeOnly:0 HLODRelevant:0
 |   |   |- Guid:6B337CAD4C563049716FB399D124EC3D BaseClass: NativeClass:/Script/Engine.SkyLight Name:SkyLight_1 Label:SkyLight SpatiallyLoaded:0 Bounds:IsValid=true, Min=(X=-12600.000 Y=-12600.000 Z=590.000), Max=(X=-12600.000 Y=-12600.000 Z=590.000) RuntimeGrid:None EditorOnly:0 RuntimeOnly:0 HLODRelevant:0 FolderPath:Lighting FolderGuid:602030AD4CB26C050EF7B98FCA62FBCA
 |   |   |- Guid:839FEAB04604D8F0CE4D96BD3F4EDA7B BaseClass: NativeClass:/Script/Engine.StaticMeshActor Name:StaticMeshActor_UAID_B04F130B0757116F01_1665452371 Label:Cube2 SpatiallyLoaded:1 Bounds:IsValid=true, Min=(X=-605.000 Y=488320.000 Z=71942.500), Max=(X=-155.000 Y=588320.000 Z=72717.500) RuntimeGrid:None EditorOnly:0 RuntimeOnly:0 HLODRelevant:1
 |   |   |- Guid:A5D6E6BB46BAC15E6D356990E1F7F480 BaseClass: NativeClass:/Script/Engine.DirectionalLight Name:DirectionalLight_0 Label:DirectionalLight SpatiallyLoaded:0 Bounds:IsValid=true, Min=(X=-1048576.000 Y=-1048576.000 Z=-1048576.000), Max=(X=1048576.000 Y=1048576.000 Z=1048576.000) RuntimeGrid:None EditorOnly:0 RuntimeOnly:0 HLODRelevant:0 FolderPath:Lighting FolderGuid:602030AD4CB26C050EF7B98FCA62FBCA
 |   |   |- Guid:A6ABCCAF4857AE8E40E6228F0FECD123 BaseClass: NativeClass:/Script/Landscape.Landscape Name:Landscape_0 Label:Landscape SpatiallyLoaded:0 Bounds:IsValid=true, Min=(X=-25200.000 Y=-25200.000 Z=0.000), Max=(X=-25200.000 Y=-25200.000 Z=0.000) RuntimeGrid:None EditorOnly:0 RuntimeOnly:0 HLODRelevant:0 FolderPath:Landscape FolderGuid:912F765E4714A1DB296369A3E4390900
 |   |   |- Guid:AB3D653A48C4F01FAA4F39A2698C3518 BaseClass: NativeClass:/Script/Engine.SkyAtmosphere Name:SkyAtmosphere_0 Label:SkyAtmosphere SpatiallyLoaded:0 Bounds:IsValid=true, Min=(X=-12600.000 Y=-12600.000 Z=920.000), Max=(X=-12600.000 Y=-12600.000 Z=920.000) RuntimeGrid:None EditorOnly:0 RuntimeOnly:0 HLODRelevant:0 FolderPath:Lighting FolderGuid:602030AD4CB26C050EF7B98FCA62FBCA
 |   |   |- Guid:C500B83C4D33199CBAF65FB268E8C17D BaseClass: NativeClass:/Script/Engine.PlayerStart Name:PlayerStart_UAID_B04F130B0757116F01_1490146370 Label:PlayerStart SpatiallyLoaded:0 Bounds:IsValid=true, Min=(X=2950.000 Y=588210.000 Z=72400.000), Max=(X=3030.000 Y=588290.000 Z=72584.000) RuntimeGrid:None EditorOnly:0 RuntimeOnly:0 HLODRelevant:0
 |   |   |- Guid:CA3C0F6345B2DA9E299ED5BEE611655B BaseClass: NativeClass:/Script/Engine.ExponentialHeightFog Name:ExponentialHeightFog_0 Label:ExponentialHeightFog SpatiallyLoaded:0 Bounds:IsValid=true, Min=(X=-18200.000 Y=-12650.000 Z=-6950.000), Max=(X=-18200.000 Y=-12650.000 Z=-6950.000) RuntimeGrid:None EditorOnly:0 RuntimeOnly:0 HLODRelevant:0 FolderPath:Lighting FolderGuid:602030AD4CB26C050EF7B98FCA62FBCA
 |   |   |- Guid:D5CE1A3946843967B0D1A493A9ED5CF6 BaseClass: NativeClass:/Script/Engine.PostProcessVolume Name:PostProcessVolume_0 Label:PostProcessVolume SpatiallyLoaded:0 Bounds:IsValid=true, Min=(X=-12600.000 Y=-12600.000 Z=300.000), Max=(X=-12400.000 Y=-12400.000 Z=500.000) RuntimeGrid:None EditorOnly:0 RuntimeOnly:0 HLODRelevant:0 FolderPath:Lighting FolderGuid:602030AD4CB26C050EF7B98FCA62FBCA
 |   |   |- Guid:EF35AD9845CDBDA16707988DD4C00FD0 BaseClass:/Game/AI/AI.AI_C NativeClass:/Script/ChaosVehicles.WheeledVehiclePawn Name:AI_C_UAID_B04F130B0757136F01_1652815720 Label:AI SpatiallyLoaded:1 Bounds:IsValid=true, Min=(X=1199.350 Y=587432.406 Z=72315.341), Max=(X=1460.650 Y=587903.507 Z=72451.318) RuntimeGrid:None EditorOnly:0 RuntimeOnly:0 HLODRelevant:0
 |   |- [+] Clusters:
 |   |   |- [+] [  0]
 |   |   |   |- Guid:42D4AE7143EDCB8C882EA1A7C08118BA BaseClass: NativeClass:/Script/Engine.StaticMeshActor Name:StaticMeshActor_UAID_B04F130B0757116F01_1437909369 Label:Cube SpatiallyLoaded:1 Bounds:IsValid=true, Min=(X=-38500.000 Y=-411580.000 Z=72230.000), Max=(X=61500.000 Y=588420.000 Z=72330.000) RuntimeGrid:None EditorOnly:0 RuntimeOnly:0 HLODRelevant:1
 |   |   |- [+] [  1]
 |   |   |   |- Guid:6A1C7CE945AD720405A2B8A0CDC31EEA BaseClass: NativeClass:/Script/Engine.WorldDataLayers Name:WorldDataLayers Label:WorldDataLayers-1 SpatiallyLoaded:0 Bounds:IsValid=true, Min=(X=0.000 Y=0.000 Z=0.000), Max=(X=0.000 Y=0.000 Z=0.000) RuntimeGrid:None EditorOnly:0 RuntimeOnly:0 HLODRelevant:0
 |   |   |- [+] [  2]
 |   |   |   |- Guid:6B337CAD4C563049716FB399D124EC3D BaseClass: NativeClass:/Script/Engine.SkyLight Name:SkyLight_1 Label:SkyLight SpatiallyLoaded:0 Bounds:IsValid=true, Min=(X=-12600.000 Y=-12600.000 Z=590.000), Max=(X=-12600.000 Y=-12600.000 Z=590.000) RuntimeGrid:None EditorOnly:0 RuntimeOnly:0 HLODRelevant:0 FolderPath:Lighting FolderGuid:602030AD4CB26C050EF7B98FCA62FBCA
 |   |   |- [+] [  3]
 |   |   |   |- Guid:0E88C653458DFDAB19938BA69924309B BaseClass: NativeClass:/Script/Engine.StaticMeshActor Name:StaticMeshActor_UAID_B04F130B0757116F01_1683644372 Label:Cube3 SpatiallyLoaded:1 Bounds:IsValid=true, Min=(X=6995.000 Y=488320.000 Z=71942.500), Max=(X=7445.000 Y=588320.000 Z=72717.500) RuntimeGrid:None EditorOnly:0 RuntimeOnly:0 HLODRelevant:1
 |   |   |- [+] [  4]
 |   |   |   |- Guid:62B351BB423B9EABD5AE849DD1DFC408 BaseClass: NativeClass:/Script/Engine.VolumetricCloud Name:VolumetricCloud_0 Label:VolumetricCloud SpatiallyLoaded:0 Bounds:IsValid=true, Min=(X=-12600.000 Y=-12600.000 Z=720.000), Max=(X=-12600.000 Y=-12600.000 Z=720.000) RuntimeGrid:None EditorOnly:0 RuntimeOnly:0 HLODRelevant:0 FolderPath:Lighting FolderGuid:602030AD4CB26C050EF7B98FCA62FBCA
 |   |   |- [+] [  5]
 |   |   |   |- Guid:A6ABCCAF4857AE8E40E6228F0FECD123 BaseClass: NativeClass:/Script/Landscape.Landscape Name:Landscape_0 Label:Landscape SpatiallyLoaded:0 Bounds:IsValid=true, Min=(X=-25200.000 Y=-25200.000 Z=0.000), Max=(X=-25200.000 Y=-25200.000 Z=0.000) RuntimeGrid:None EditorOnly:0 RuntimeOnly:0 HLODRelevant:0 FolderPath:Landscape FolderGuid:912F765E4714A1DB296369A3E4390900
 |   |   |- [+] [  6]
 |   |   |   |- Guid:CA3C0F6345B2DA9E299ED5BEE611655B BaseClass: NativeClass:/Script/Engine.ExponentialHeightFog Name:ExponentialHeightFog_0 Label:ExponentialHeightFog SpatiallyLoaded:0 Bounds:IsValid=true, Min=(X=-18200.000 Y=-12650.000 Z=-6950.000), Max=(X=-18200.000 Y=-12650.000 Z=-6950.000) RuntimeGrid:None EditorOnly:0 RuntimeOnly:0 HLODRelevant:0 FolderPath:Lighting FolderGuid:602030AD4CB26C050EF7B98FCA62FBCA
 |   |   |- [+] [  7]
 |   |   |   |- Guid:C500B83C4D33199CBAF65FB268E8C17D BaseClass: NativeClass:/Script/Engine.PlayerStart Name:PlayerStart_UAID_B04F130B0757116F01_1490146370 Label:PlayerStart SpatiallyLoaded:0 Bounds:IsValid=true, Min=(X=2950.000 Y=588210.000 Z=72400.000), Max=(X=3030.000 Y=588290.000 Z=72584.000) RuntimeGrid:None EditorOnly:0 RuntimeOnly:0 HLODRelevant:0
 |   |   |- [+] [  8]
 |   |   |   |- Guid:D5CE1A3946843967B0D1A493A9ED5CF6 BaseClass: NativeClass:/Script/Engine.PostProcessVolume Name:PostProcessVolume_0 Label:PostProcessVolume SpatiallyLoaded:0 Bounds:IsValid=true, Min=(X=-12600.000 Y=-12600.000 Z=300.000), Max=(X=-12400.000 Y=-12400.000 Z=500.000) RuntimeGrid:None EditorOnly:0 RuntimeOnly:0 HLODRelevant:0 FolderPath:Lighting FolderGuid:602030AD4CB26C050EF7B98FCA62FBCA
 |   |   |- [+] [  9]
 |   |   |   |- Guid:A5D6E6BB46BAC15E6D356990E1F7F480 BaseClass: NativeClass:/Script/Engine.DirectionalLight Name:DirectionalLight_0 Label:DirectionalLight SpatiallyLoaded:0 Bounds:IsValid=true, Min=(X=-1048576.000 Y=-1048576.000 Z=-1048576.000), Max=(X=1048576.000 Y=1048576.000 Z=1048576.000) RuntimeGrid:None EditorOnly:0 RuntimeOnly:0 HLODRelevant:0 FolderPath:Lighting FolderGuid:602030AD4CB26C050EF7B98FCA62FBCA
 |   |   |- [+] [ 10]
 |   |   |   |- Guid:839FEAB04604D8F0CE4D96BD3F4EDA7B BaseClass: NativeClass:/Script/Engine.StaticMeshActor Name:StaticMeshActor_UAID_B04F130B0757116F01_1665452371 Label:Cube2 SpatiallyLoaded:1 Bounds:IsValid=true, Min=(X=-605.000 Y=488320.000 Z=71942.500), Max=(X=-155.000 Y=588320.000 Z=72717.500) RuntimeGrid:None EditorOnly:0 RuntimeOnly:0 HLODRelevant:1
 |   |   |- [+] [ 11]
 |   |   |   |- Guid:AB3D653A48C4F01FAA4F39A2698C3518 BaseClass: NativeClass:/Script/Engine.SkyAtmosphere Name:SkyAtmosphere_0 Label:SkyAtmosphere SpatiallyLoaded:0 Bounds:IsValid=true, Min=(X=-12600.000 Y=-12600.000 Z=920.000), Max=(X=-12600.000 Y=-12600.000 Z=920.000) RuntimeGrid:None EditorOnly:0 RuntimeOnly:0 HLODRelevant:0 FolderPath:Lighting FolderGuid:602030AD4CB26C050EF7B98FCA62FBCA
 |   |   |- [+] [ 12]
 |   |   |   |- Guid:EF35AD9845CDBDA16707988DD4C00FD0 BaseClass:/Game/AI/AI.AI_C NativeClass:/Script/ChaosVehicles.WheeledVehiclePawn Name:AI_C_UAID_B04F130B0757136F01_1652815720 Label:AI SpatiallyLoaded:1 Bounds:IsValid=true, Min=(X=1199.350 Y=587432.406 Z=72315.341), Max=(X=1460.650 Y=587903.507 Z=72451.318) RuntimeGrid:None EditorOnly:0 RuntimeOnly:0 HLODRelevant:0
 |   |   |- [+] [ 13]
 |   |   |   |- Guid:25E5DDFF4470467ED7998D9AFC362E5C BaseClass: NativeClass:/Script/Engine.StaticMeshActor Name:StaticMeshActor_UAID_B04F130B0757146F01_1863349897 Label:Cube4 SpatiallyLoaded:1 Bounds:IsValid=true, Min=(X=-1750.000 Y=587922.500 Z=71042.500), Max=(X=8250.000 Y=588297.500 Z=73617.500) RuntimeGrid:None EditorOnly:0 RuntimeOnly:0 HLODRelevant:1
 |- ContainerInstances:
 |- [+] MainContainer:
 |   |-        ID: 0x0000000000000000
 |   |-    Bounds: IsValid=false, Min=(X=0.000 Y=0.000 Z=0.000), Max=(X=0.000 Y=0.000 Z=0.000)
 |   |- Transform: 0.000000,0.000000,0.000000|0.000000,0.000000,-0.000000|1.000000,1.000000,1.000000
 |   |- Container: /Game/VehicleTemplate/Maps/VehicleExampleMap
----------------------------------------------------------------------------------------------------------------
VehicleExampleMap - Persistent Level
----------------------------------------------------------------------------------------------------------------
Always loaded Actor Count: 37 

----------------------------------------------------------------------------------------------------------------
VehicleExampleMap - Runtime Spatial Hash - Streaming Grid - MainGrid
----------------------------------------------------------------------------------------------------------------
            Origin: X=0.000 Y=0.000 Z=0.000
         Cell Size: 12800
      World Bounds: IsValid=false, Min=(X=0.000 Y=0.000 Z=0.000), Max=(X=0.000 Y=0.000 Z=0.000)
     Loading Range: 25600.00
Block Slow Loading: No
 ClientOnlyVisible: No

[+] Grid Levels: 1
 |- Level  0: Cell Count    0 | Cell Size   12800 | Actor Count    0 (0.0%)

[+] Content of Grid Level 0

